build/app/outputs/mapping/release/seeds.txt
com.remitAssure.MainActivity: MainActivity()
com.remitAssure.MainActivity
...
androidx.window.layout.WindowInfoTrackerImpl$Companion: WindowInfoTrackerImpl$Companion(kotlin.jvm.internal.DefaultConstructorMarker)
androidx.window.layout.WindowInfoTracker$Companion
io.flutter.embedding.engine.FlutterJNI: void onVsync(long,long,long)
io.flutter.view.FlutterCallbackInformation: java.lang.String callbackName
androidx.window.R$attr: int secondaryActivityAction
androidx.window.layout.FoldingFeature$State$Companion: FoldingFeature$State$Companion(kotlin.jvm.internal.DefaultConstructorMarker)
androidx.lifecycle.Lifecycle$Event: androidx.lifecycle.Lifecycle$Event ON_PAUSE
androidx.window.embedding.SplitInfo: boolean equals(java.lang.Object)
androidx.window.core.Version$Companion: androidx.window.core.Version parse(java.lang.String)
io.flutter.plugin.editing.TextInputPlugin$InputTarget$Type: io.flutter.plugin.editing.TextInputPlugin$InputTarget$Type[] values()
androidx.window.layout.WindowInfoTrackerImpl$windowLayoutInfo$1: java.lang.Object L$1
kotlin.coroutines.jvm.internal.ContinuationImpl: kotlin.coroutines.Continuation intercepted
io.flutter.embedding.engine.systemchannels.TextInputChannel$TextCapitalization: io.flutter.embedding.engine.systemchannels.TextInputChannel$TextCapitalization valueOf(java.lang.String)
io.flutter.view.AccessibilityViewEmbedder: android.view.accessibility.AccessibilityNodeInfo convertToFlutterNode(android.view.accessibility.AccessibilityNodeInfo,int,android.view.View)
kotlinx.coroutines.android.AndroidDispatcherFactory: int getLoadPriority()
kotlinx.coroutines.CompletionHandlerBase
io.flutter.embedding.engine.FlutterJNI: void invokePlatformMessageResponseCallback(int,java.nio.ByteBuffer,int)
androidx.window.core.Bounds: int getRight()
kotlinx.coroutines.scheduling.CoroutineScheduler$Worker
androidx.window.core.Version: kotlin.Lazy bigInteger$delegate
androidx.window.core.Version
io.flutter.embedding.engine.FlutterJNI: void ensureNotAttachedToNative()
androidx.window.embedding.ActivityStack: ActivityStack(java.util.List,boolean,int,kotlin.jvm.internal.DefaultConstructorMarker)
androidx.window.layout.FoldingFeature: androidx.window.layout.FoldingFeature$OcclusionType getOcclusionType()
androidx.window.embedding.ExtensionEmbeddingBackend: void getSplitChangeCallbacks$annotations()
io.flutter.embedding.android.FlutterTextureView: io.flutter.embedding.engine.renderer.FlutterRenderer getAttachedRenderer()
androidx.window.embedding.SplitRuleParser: androidx.window.embedding.ActivityFilter parseActivityFilter(android.content.Context,android.content.res.XmlResourceParser)
androidx.window.layout.SidecarCompat: SidecarCompat(android.content.Context)
androidx.window.layout.HardwareFoldingFeature: androidx.window.layout.HardwareFoldingFeature$Type type
io.flutter.embedding.engine.renderer.FlutterRenderer$DisplayFeatureState: io.flutter.embedding.engine.renderer.FlutterRenderer$DisplayFeatureState valueOf(java.lang.String)
androidx.window.layout.HardwareFoldingFeature: androidx.window.layout.HardwareFoldingFeature$Type getType$window_release()
androidx.window.layout.HardwareFoldingFeature: android.graphics.Rect getBounds()
androidx.window.embedding.SplitController: SplitController(kotlin.jvm.internal.DefaultConstructorMarker)
androidx.window.embedding.EmbeddingAdapter: boolean translateActivityIntentPredicates$lambda-3(androidx.window.embedding.EmbeddingAdapter,java.util.Set,android.util.Pair)
androidx.window.embedding.SplitRule: float splitRatio
androidx.window.embedding.EmbeddingRule
androidx.window.layout.WindowMetricsCalculator$Companion: void overrideDecorator(androidx.window.layout.WindowMetricsCalculatorDecorator)
io.flutter.plugin.editing.ImeSyncDeferringInsetsCallback: boolean access$200(io.flutter.plugin.editing.ImeSyncDeferringInsetsCallback)
io.flutter.plugin.editing.ImeSyncDeferringInsetsCallback: ImeSyncDeferringInsetsCallback(android.view.View,int,int)
androidx.window.layout.WindowInfoTrackerImpl: androidx.window.layout.WindowBackend windowBackend